2020-10-06 00:04:45.841  INFO 64688 --- [main] com.emp.EmployeeControllerMvcTest        : Starting EmployeeControllerMvcTest on ATMAC050.local with PID 64688 (started by ganesh in /Users/ganesh/Documents/workspace-spring-tool-suite-4-4.6.2.RELEASE/EmployeeJPA)
2020-10-06 00:04:45.851  INFO 64688 --- [main] com.emp.EmployeeControllerMvcTest        : The following profiles are active: dev
2020-10-06 00:04:47.563  INFO 64688 --- [main] pertySourcedRequestMappingHandlerMapping : Mapped URL path [/v2/api-docs] onto method [springfox.documentation.swagger2.web.Swagger2Controller#getDocumentation(String, HttpServletRequest)]
2020-10-06 00:04:47.738  INFO 64688 --- [main] o.s.s.concurrent.ThreadPoolTaskExecutor  : Initializing ExecutorService 'applicationTaskExecutor'
2020-10-06 00:04:47.898  INFO 64688 --- [main] o.s.b.t.m.w.SpringBootMockServletContext : Initializing Spring TestDispatcherServlet ''
2020-10-06 00:04:47.898  INFO 64688 --- [main] o.s.t.web.servlet.TestDispatcherServlet  : Initializing Servlet ''
2020-10-06 00:04:47.910  INFO 64688 --- [main] o.s.t.web.servlet.TestDispatcherServlet  : Completed initialization in 12 ms
2020-10-06 00:04:47.933  INFO 64688 --- [main] d.s.w.p.DocumentationPluginsBootstrapper : Context refreshed
2020-10-06 00:04:47.957  INFO 64688 --- [main] d.s.w.p.DocumentationPluginsBootstrapper : Found 1 custom documentation plugin(s)
2020-10-06 00:04:47.982  INFO 64688 --- [main] s.d.s.w.s.ApiListingReferenceScanner     : Scanning for api listing references
2020-10-06 00:04:48.134  INFO 64688 --- [main] com.emp.EmployeeControllerMvcTest        : Started EmployeeControllerMvcTest in 7.806 seconds (JVM running for 8.744)
2020-10-06 00:04:48.344  INFO 64688 --- [SpringContextShutdownHook] o.s.s.concurrent.ThreadPoolTaskExecutor  : Shutting down ExecutorService 'applicationTaskExecutor'
2020-10-06 00:05:15.445  INFO 64691 --- [main] com.emp.EmployeeControllerMvcTest        : Starting EmployeeControllerMvcTest on ATMAC050.local with PID 64691 (started by ganesh in /Users/ganesh/Documents/workspace-spring-tool-suite-4-4.6.2.RELEASE/EmployeeJPA)
2020-10-06 00:05:15.446  INFO 64691 --- [main] com.emp.EmployeeControllerMvcTest        : The following profiles are active: dev
2020-10-06 00:05:17.019  INFO 64691 --- [main] pertySourcedRequestMappingHandlerMapping : Mapped URL path [/v2/api-docs] onto method [springfox.documentation.swagger2.web.Swagger2Controller#getDocumentation(String, HttpServletRequest)]
2020-10-06 00:05:17.169  INFO 64691 --- [main] o.s.s.concurrent.ThreadPoolTaskExecutor  : Initializing ExecutorService 'applicationTaskExecutor'
2020-10-06 00:05:17.312  INFO 64691 --- [main] o.s.b.t.m.w.SpringBootMockServletContext : Initializing Spring TestDispatcherServlet ''
2020-10-06 00:05:17.313  INFO 64691 --- [main] o.s.t.web.servlet.TestDispatcherServlet  : Initializing Servlet ''
2020-10-06 00:05:17.322  INFO 64691 --- [main] o.s.t.web.servlet.TestDispatcherServlet  : Completed initialization in 9 ms
2020-10-06 00:05:17.345  INFO 64691 --- [main] d.s.w.p.DocumentationPluginsBootstrapper : Context refreshed
2020-10-06 00:05:17.367  INFO 64691 --- [main] d.s.w.p.DocumentationPluginsBootstrapper : Found 1 custom documentation plugin(s)
2020-10-06 00:05:17.393  INFO 64691 --- [main] s.d.s.w.s.ApiListingReferenceScanner     : Scanning for api listing references
2020-10-06 00:05:17.520  INFO 64691 --- [main] com.emp.EmployeeControllerMvcTest        : Started EmployeeControllerMvcTest in 7.497 seconds (JVM running for 8.359)
2020-10-06 00:05:17.685  INFO 64691 --- [SpringContextShutdownHook] o.s.s.concurrent.ThreadPoolTaskExecutor  : Shutting down ExecutorService 'applicationTaskExecutor'
2020-10-06 00:05:57.227  INFO 64694 --- [main] com.emp.EmployeeControllerMvcTest        : Starting EmployeeControllerMvcTest on ATMAC050.local with PID 64694 (started by ganesh in /Users/ganesh/Documents/workspace-spring-tool-suite-4-4.6.2.RELEASE/EmployeeJPA)
2020-10-06 00:05:57.229  INFO 64694 --- [main] com.emp.EmployeeControllerMvcTest        : The following profiles are active: dev
2020-10-06 00:05:58.952  INFO 64694 --- [main] pertySourcedRequestMappingHandlerMapping : Mapped URL path [/v2/api-docs] onto method [springfox.documentation.swagger2.web.Swagger2Controller#getDocumentation(String, HttpServletRequest)]
2020-10-06 00:05:59.096  INFO 64694 --- [main] o.s.s.concurrent.ThreadPoolTaskExecutor  : Initializing ExecutorService 'applicationTaskExecutor'
2020-10-06 00:05:59.264  INFO 64694 --- [main] o.s.b.t.m.w.SpringBootMockServletContext : Initializing Spring TestDispatcherServlet ''
2020-10-06 00:05:59.264  INFO 64694 --- [main] o.s.t.web.servlet.TestDispatcherServlet  : Initializing Servlet ''
2020-10-06 00:05:59.274  INFO 64694 --- [main] o.s.t.web.servlet.TestDispatcherServlet  : Completed initialization in 10 ms
2020-10-06 00:05:59.300  INFO 64694 --- [main] d.s.w.p.DocumentationPluginsBootstrapper : Context refreshed
2020-10-06 00:05:59.323  INFO 64694 --- [main] d.s.w.p.DocumentationPluginsBootstrapper : Found 1 custom documentation plugin(s)
2020-10-06 00:05:59.348  INFO 64694 --- [main] s.d.s.w.s.ApiListingReferenceScanner     : Scanning for api listing references
2020-10-06 00:05:59.487  INFO 64694 --- [main] com.emp.EmployeeControllerMvcTest        : Started EmployeeControllerMvcTest in 7.828 seconds (JVM running for 9.893)
2020-10-06 00:05:59.660  INFO 64694 --- [SpringContextShutdownHook] o.s.s.concurrent.ThreadPoolTaskExecutor  : Shutting down ExecutorService 'applicationTaskExecutor'
2020-10-06 00:08:55.764  INFO 64722 --- [main] com.emp.EmployeeControllerMvcTest        : Starting EmployeeControllerMvcTest on ATMAC050.local with PID 64722 (started by ganesh in /Users/ganesh/Documents/workspace-spring-tool-suite-4-4.6.2.RELEASE/EmployeeJPA)
2020-10-06 00:08:55.766  INFO 64722 --- [main] com.emp.EmployeeControllerMvcTest        : The following profiles are active: dev
2020-10-06 00:08:57.662  INFO 64722 --- [main] pertySourcedRequestMappingHandlerMapping : Mapped URL path [/v2/api-docs] onto method [springfox.documentation.swagger2.web.Swagger2Controller#getDocumentation(String, HttpServletRequest)]
2020-10-06 00:08:57.870  INFO 64722 --- [main] o.s.s.concurrent.ThreadPoolTaskExecutor  : Initializing ExecutorService 'applicationTaskExecutor'
2020-10-06 00:08:58.042  INFO 64722 --- [main] o.s.b.t.m.w.SpringBootMockServletContext : Initializing Spring TestDispatcherServlet ''
2020-10-06 00:08:58.043  INFO 64722 --- [main] o.s.t.web.servlet.TestDispatcherServlet  : Initializing Servlet ''
2020-10-06 00:08:58.054  INFO 64722 --- [main] o.s.t.web.servlet.TestDispatcherServlet  : Completed initialization in 11 ms
2020-10-06 00:08:58.078  INFO 64722 --- [main] d.s.w.p.DocumentationPluginsBootstrapper : Context refreshed
2020-10-06 00:08:58.105  INFO 64722 --- [main] d.s.w.p.DocumentationPluginsBootstrapper : Found 1 custom documentation plugin(s)
2020-10-06 00:08:58.134  INFO 64722 --- [main] s.d.s.w.s.ApiListingReferenceScanner     : Scanning for api listing references
2020-10-06 00:08:58.308  INFO 64722 --- [main] com.emp.EmployeeControllerMvcTest        : Started EmployeeControllerMvcTest in 7.967 seconds (JVM running for 8.8)
2020-10-06 00:08:58.438  WARN 64722 --- [main] .w.s.m.s.DefaultHandlerExceptionResolver : Resolved [org.springframework.web.HttpMediaTypeNotSupportedException: Content type 'application/octet-stream' not supported]
2020-10-06 00:08:58.477  INFO 64722 --- [SpringContextShutdownHook] o.s.s.concurrent.ThreadPoolTaskExecutor  : Shutting down ExecutorService 'applicationTaskExecutor'
2020-10-06 00:10:12.437  INFO 64740 --- [main] com.emp.EmployeeJpaApplication           : Starting EmployeeJpaApplication on ATMAC050.local with PID 64740 (/Users/ganesh/Documents/workspace-spring-tool-suite-4-4.6.2.RELEASE/EmployeeJPA/target/classes started by ganesh in /Users/ganesh/Documents/workspace-spring-tool-suite-4-4.6.2.RELEASE/EmployeeJPA)
2020-10-06 00:10:12.439  INFO 64740 --- [main] com.emp.EmployeeJpaApplication           : The following profiles are active: dev
2020-10-06 00:10:13.084  INFO 64740 --- [main] .s.d.r.c.RepositoryConfigurationDelegate : Bootstrapping Spring Data JPA repositories in DEFERRED mode.
2020-10-06 00:10:13.144  INFO 64740 --- [main] .s.d.r.c.RepositoryConfigurationDelegate : Finished Spring Data repository scanning in 48ms. Found 1 JPA repository interfaces.
2020-10-06 00:10:13.520  INFO 64740 --- [main] o.s.b.w.embedded.tomcat.TomcatWebServer  : Tomcat initialized with port(s): 8080 (http)
2020-10-06 00:10:13.528  INFO 64740 --- [main] o.apache.catalina.core.StandardService   : Starting service [Tomcat]
2020-10-06 00:10:13.529  INFO 64740 --- [main] org.apache.catalina.core.StandardEngine  : Starting Servlet engine: [Apache Tomcat/9.0.38]
2020-10-06 00:10:13.604  INFO 64740 --- [main] o.a.c.c.C.[Tomcat].[localhost].[/]       : Initializing Spring embedded WebApplicationContext
2020-10-06 00:10:13.605  INFO 64740 --- [main] w.s.c.ServletWebServerApplicationContext : Root WebApplicationContext: initialization completed in 1136 ms
2020-10-06 00:10:13.745  INFO 64740 --- [main] o.s.s.concurrent.ThreadPoolTaskExecutor  : Initializing ExecutorService 'applicationTaskExecutor'
2020-10-06 00:10:13.797  INFO 64740 --- [task-1] o.hibernate.jpa.internal.util.LogHelper  : HHH000204: Processing PersistenceUnitInfo [name: default]
2020-10-06 00:10:13.836  INFO 64740 --- [task-1] org.hibernate.Version                    : HHH000412: Hibernate ORM core version 5.4.21.Final
2020-10-06 00:10:13.929  INFO 64740 --- [task-1] o.hibernate.annotations.common.Version   : HCANN000001: Hibernate Commons Annotations {5.1.0.Final}
2020-10-06 00:10:13.951  WARN 64740 --- [main] JpaBaseConfiguration$JpaWebConfiguration : spring.jpa.open-in-view is enabled by default. Therefore, database queries may be performed during view rendering. Explicitly configure spring.jpa.open-in-view to disable this warning
2020-10-06 00:10:14.004  INFO 64740 --- [task-1] com.zaxxer.hikari.HikariDataSource       : HikariPool-1 - Starting...
2020-10-06 00:10:14.052  INFO 64740 --- [main] pertySourcedRequestMappingHandlerMapping : Mapped URL path [/v2/api-docs] onto method [springfox.documentation.swagger2.web.Swagger2Controller#getDocumentation(String, HttpServletRequest)]
2020-10-06 00:10:14.290  INFO 64740 --- [main] o.s.b.w.embedded.tomcat.TomcatWebServer  : Tomcat started on port(s): 8080 (http) with context path ''
2020-10-06 00:10:14.290  INFO 64740 --- [main] d.s.w.p.DocumentationPluginsBootstrapper : Context refreshed
2020-10-06 00:10:14.302  INFO 64740 --- [main] d.s.w.p.DocumentationPluginsBootstrapper : Found 1 custom documentation plugin(s)
2020-10-06 00:10:14.327  INFO 64740 --- [main] s.d.s.w.s.ApiListingReferenceScanner     : Scanning for api listing references
2020-10-06 00:10:14.437  INFO 64740 --- [main] DeferredRepositoryInitializationListener : Triggering deferred initialization of Spring Data repositories…
2020-10-06 00:10:14.509  INFO 64740 --- [task-1] com.zaxxer.hikari.HikariDataSource       : HikariPool-1 - Start completed.
2020-10-06 00:10:14.525  INFO 64740 --- [task-1] org.hibernate.dialect.Dialect            : HHH000400: Using dialect: org.hibernate.dialect.MySQL57Dialect
2020-10-06 00:10:14.965  INFO 64740 --- [task-1] o.h.e.t.j.p.i.JtaPlatformInitiator       : HHH000490: Using JtaPlatform implementation: [org.hibernate.engine.transaction.jta.platform.internal.NoJtaPlatform]
2020-10-06 00:10:14.971  INFO 64740 --- [task-1] j.LocalContainerEntityManagerFactoryBean : Initialized JPA EntityManagerFactory for persistence unit 'default'
2020-10-06 00:10:15.123  INFO 64740 --- [main] DeferredRepositoryInitializationListener : Spring Data repositories initialized!
2020-10-06 00:10:15.131  INFO 64740 --- [main] com.emp.EmployeeJpaApplication           : Started EmployeeJpaApplication in 2.966 seconds (JVM running for 8.615)
2020-10-06 00:10:40.063  INFO 64740 --- [http-nio-8080-exec-1] o.a.c.c.C.[Tomcat].[localhost].[/]       : Initializing Spring DispatcherServlet 'dispatcherServlet'
2020-10-06 00:10:40.065  INFO 64740 --- [http-nio-8080-exec-1] o.s.web.servlet.DispatcherServlet        : Initializing Servlet 'dispatcherServlet'
2020-10-06 00:10:40.094  INFO 64740 --- [http-nio-8080-exec-1] o.s.web.servlet.DispatcherServlet        : Completed initialization in 29 ms
2020-10-06 00:17:53.564  INFO 64740 --- [RMI TCP Connection(15)-127.0.0.1] inMXBeanRegistrar$SpringApplicationAdmin : Application shutdown requested.
2020-10-06 00:17:53.997  INFO 64740 --- [RMI TCP Connection(15)-127.0.0.1] j.LocalContainerEntityManagerFactoryBean : Closing JPA EntityManagerFactory for persistence unit 'default'
2020-10-06 00:17:54.038  INFO 64740 --- [RMI TCP Connection(15)-127.0.0.1] o.s.s.concurrent.ThreadPoolTaskExecutor  : Shutting down ExecutorService 'applicationTaskExecutor'
2020-10-06 00:17:54.041  INFO 64740 --- [RMI TCP Connection(15)-127.0.0.1] com.zaxxer.hikari.HikariDataSource       : HikariPool-1 - Shutdown initiated...
2020-10-06 00:17:54.086  INFO 64740 --- [RMI TCP Connection(15)-127.0.0.1] com.zaxxer.hikari.HikariDataSource       : HikariPool-1 - Shutdown completed.
2020-10-06 00:18:14.659  INFO 64871 --- [main] com.emp.EmployeeJpaApplication           : Starting EmployeeJpaApplication on ATMAC050.local with PID 64871 (/Users/ganesh/Documents/workspace-spring-tool-suite-4-4.6.2.RELEASE/EmployeeJPA/target/classes started by ganesh in /Users/ganesh/Documents/workspace-spring-tool-suite-4-4.6.2.RELEASE/EmployeeJPA)
2020-10-06 00:18:14.662  INFO 64871 --- [main] com.emp.EmployeeJpaApplication           : The following profiles are active: dev
2020-10-06 00:18:15.379  INFO 64871 --- [main] .s.d.r.c.RepositoryConfigurationDelegate : Bootstrapping Spring Data JPA repositories in DEFERRED mode.
2020-10-06 00:18:15.422  INFO 64871 --- [main] .s.d.r.c.RepositoryConfigurationDelegate : Finished Spring Data repository scanning in 35ms. Found 1 JPA repository interfaces.
2020-10-06 00:18:15.842  INFO 64871 --- [main] o.s.b.w.embedded.tomcat.TomcatWebServer  : Tomcat initialized with port(s): 8080 (http)
2020-10-06 00:18:15.850  INFO 64871 --- [main] o.apache.catalina.core.StandardService   : Starting service [Tomcat]
2020-10-06 00:18:15.850  INFO 64871 --- [main] org.apache.catalina.core.StandardEngine  : Starting Servlet engine: [Apache Tomcat/9.0.38]
2020-10-06 00:18:15.922  INFO 64871 --- [main] o.a.c.c.C.[Tomcat].[localhost].[/]       : Initializing Spring embedded WebApplicationContext
2020-10-06 00:18:15.923  INFO 64871 --- [main] w.s.c.ServletWebServerApplicationContext : Root WebApplicationContext: initialization completed in 1222 ms
2020-10-06 00:18:16.058  INFO 64871 --- [main] o.s.s.concurrent.ThreadPoolTaskExecutor  : Initializing ExecutorService 'applicationTaskExecutor'
2020-10-06 00:18:16.104  INFO 64871 --- [task-1] o.hibernate.jpa.internal.util.LogHelper  : HHH000204: Processing PersistenceUnitInfo [name: default]
2020-10-06 00:18:16.157  INFO 64871 --- [task-1] org.hibernate.Version                    : HHH000412: Hibernate ORM core version 5.4.21.Final
2020-10-06 00:18:16.305  INFO 64871 --- [task-1] o.hibernate.annotations.common.Version   : HCANN000001: Hibernate Commons Annotations {5.1.0.Final}
2020-10-06 00:18:16.305  WARN 64871 --- [main] JpaBaseConfiguration$JpaWebConfiguration : spring.jpa.open-in-view is enabled by default. Therefore, database queries may be performed during view rendering. Explicitly configure spring.jpa.open-in-view to disable this warning
2020-10-06 00:18:16.398  INFO 64871 --- [task-1] com.zaxxer.hikari.HikariDataSource       : HikariPool-1 - Starting...
2020-10-06 00:18:16.420  INFO 64871 --- [main] pertySourcedRequestMappingHandlerMapping : Mapped URL path [/v2/api-docs] onto method [springfox.documentation.swagger2.web.Swagger2Controller#getDocumentation(String, HttpServletRequest)]
2020-10-06 00:18:16.696  INFO 64871 --- [main] o.s.b.w.embedded.tomcat.TomcatWebServer  : Tomcat started on port(s): 8080 (http) with context path ''
2020-10-06 00:18:16.697  INFO 64871 --- [main] d.s.w.p.DocumentationPluginsBootstrapper : Context refreshed
2020-10-06 00:18:16.714  INFO 64871 --- [main] d.s.w.p.DocumentationPluginsBootstrapper : Found 1 custom documentation plugin(s)
2020-10-06 00:18:16.744  INFO 64871 --- [main] s.d.s.w.s.ApiListingReferenceScanner     : Scanning for api listing references
2020-10-06 00:18:16.880  INFO 64871 --- [main] DeferredRepositoryInitializationListener : Triggering deferred initialization of Spring Data repositories…
2020-10-06 00:18:16.903  INFO 64871 --- [task-1] com.zaxxer.hikari.HikariDataSource       : HikariPool-1 - Start completed.
2020-10-06 00:18:16.920  INFO 64871 --- [task-1] org.hibernate.dialect.Dialect            : HHH000400: Using dialect: org.hibernate.dialect.MySQL57Dialect
2020-10-06 00:18:17.484  INFO 64871 --- [task-1] o.h.e.t.j.p.i.JtaPlatformInitiator       : HHH000490: Using JtaPlatform implementation: [org.hibernate.engine.transaction.jta.platform.internal.NoJtaPlatform]
2020-10-06 00:18:17.489  INFO 64871 --- [task-1] j.LocalContainerEntityManagerFactoryBean : Initialized JPA EntityManagerFactory for persistence unit 'default'
2020-10-06 00:18:17.657  INFO 64871 --- [main] DeferredRepositoryInitializationListener : Spring Data repositories initialized!
2020-10-06 00:18:17.666  INFO 64871 --- [main] com.emp.EmployeeJpaApplication           : Started EmployeeJpaApplication in 3.353 seconds (JVM running for 9.165)
2020-10-06 00:18:27.442  INFO 64871 --- [http-nio-8080-exec-2] o.a.c.c.C.[Tomcat].[localhost].[/]       : Initializing Spring DispatcherServlet 'dispatcherServlet'
2020-10-06 00:18:27.442  INFO 64871 --- [http-nio-8080-exec-2] o.s.web.servlet.DispatcherServlet        : Initializing Servlet 'dispatcherServlet'
2020-10-06 00:18:27.450  INFO 64871 --- [http-nio-8080-exec-2] o.s.web.servlet.DispatcherServlet        : Completed initialization in 8 ms
2020-10-06 00:18:27.694  WARN 64871 --- [http-nio-8080-exec-2] .w.s.m.s.DefaultHandlerExceptionResolver : Resolved [org.springframework.http.converter.HttpMessageNotWritableException: No converter for [class java.util.ArrayList] with preset Content-Type 'null']
2020-10-06 00:18:44.303  WARN 64871 --- [http-nio-8080-exec-3] .w.s.m.s.DefaultHandlerExceptionResolver : Resolved [org.springframework.http.converter.HttpMessageNotWritableException: No converter for [class java.util.ArrayList] with preset Content-Type 'null']
2020-10-06 00:23:40.911  WARN 64871 --- [HikariPool-1 housekeeper] com.zaxxer.hikari.pool.HikariPool        : HikariPool-1 - Thread starvation or clock leap detected (housekeeper delta=1m53s843ms).
2020-10-06 04:44:18.920  WARN 64871 --- [HikariPool-1 housekeeper] com.zaxxer.hikari.pool.HikariPool        : HikariPool-1 - Thread starvation or clock leap detected (housekeeper delta=4h14m37s821ms).
2020-10-06 05:13:03.383  WARN 64871 --- [HikariPool-1 housekeeper] com.zaxxer.hikari.pool.HikariPool        : HikariPool-1 - Thread starvation or clock leap detected (housekeeper delta=28m44s472ms).
2020-10-06 05:46:16.819  WARN 64871 --- [HikariPool-1 housekeeper] com.zaxxer.hikari.pool.HikariPool        : HikariPool-1 - Thread starvation or clock leap detected (housekeeper delta=1m12s622ms).
2020-10-06 06:03:33.244  INFO 64871 --- [RMI TCP Connection(74)-127.0.0.1] inMXBeanRegistrar$SpringApplicationAdmin : Application shutdown requested.
2020-10-06 06:03:33.787  INFO 64871 --- [RMI TCP Connection(74)-127.0.0.1] j.LocalContainerEntityManagerFactoryBean : Closing JPA EntityManagerFactory for persistence unit 'default'
2020-10-06 06:03:33.834  INFO 64871 --- [RMI TCP Connection(74)-127.0.0.1] o.s.s.concurrent.ThreadPoolTaskExecutor  : Shutting down ExecutorService 'applicationTaskExecutor'
2020-10-06 06:03:33.837  INFO 64871 --- [RMI TCP Connection(74)-127.0.0.1] com.zaxxer.hikari.HikariDataSource       : HikariPool-1 - Shutdown initiated...
2020-10-06 06:03:33.861  INFO 64871 --- [RMI TCP Connection(74)-127.0.0.1] com.zaxxer.hikari.HikariDataSource       : HikariPool-1 - Shutdown completed.
2020-10-06 06:27:34.955  INFO 66048 --- [main] com.emp.EmployeeControllerMvcTest        : Starting EmployeeControllerMvcTest on ATMAC050 with PID 66048 (started by ganesh in /Users/ganesh/Documents/workspace-spring-tool-suite-4-4.6.2.RELEASE/EmployeeJPA)
2020-10-06 06:27:34.971  INFO 66048 --- [main] com.emp.EmployeeControllerMvcTest        : The following profiles are active: dev
2020-10-06 06:27:36.986  INFO 66048 --- [main] pertySourcedRequestMappingHandlerMapping : Mapped URL path [/v2/api-docs] onto method [springfox.documentation.swagger2.web.Swagger2Controller#getDocumentation(String, HttpServletRequest)]
2020-10-06 06:27:37.197  INFO 66048 --- [main] o.s.s.concurrent.ThreadPoolTaskExecutor  : Initializing ExecutorService 'applicationTaskExecutor'
2020-10-06 06:27:37.395  INFO 66048 --- [main] o.s.b.t.m.w.SpringBootMockServletContext : Initializing Spring TestDispatcherServlet ''
2020-10-06 06:27:37.396  INFO 66048 --- [main] o.s.t.web.servlet.TestDispatcherServlet  : Initializing Servlet ''
2020-10-06 06:27:37.408  INFO 66048 --- [main] o.s.t.web.servlet.TestDispatcherServlet  : Completed initialization in 12 ms
2020-10-06 06:27:37.438  INFO 66048 --- [main] d.s.w.p.DocumentationPluginsBootstrapper : Context refreshed
2020-10-06 06:27:37.469  INFO 66048 --- [main] d.s.w.p.DocumentationPluginsBootstrapper : Found 1 custom documentation plugin(s)
2020-10-06 06:27:37.509  INFO 66048 --- [main] s.d.s.w.s.ApiListingReferenceScanner     : Scanning for api listing references
2020-10-06 06:27:37.703  INFO 66048 --- [main] com.emp.EmployeeControllerMvcTest        : Started EmployeeControllerMvcTest in 3.283 seconds (JVM running for 4.564)
2020-10-06 06:27:37.867  INFO 66048 --- [SpringContextShutdownHook] o.s.s.concurrent.ThreadPoolTaskExecutor  : Shutting down ExecutorService 'applicationTaskExecutor'
2020-10-06 06:31:19.292  INFO 66058 --- [main] com.emp.EmployeeControllerMvcTest        : Starting EmployeeControllerMvcTest on ATMAC050 with PID 66058 (started by ganesh in /Users/ganesh/Documents/workspace-spring-tool-suite-4-4.6.2.RELEASE/EmployeeJPA)
2020-10-06 06:31:19.294  INFO 66058 --- [main] com.emp.EmployeeControllerMvcTest        : The following profiles are active: dev
2020-10-06 06:31:21.236  INFO 66058 --- [main] pertySourcedRequestMappingHandlerMapping : Mapped URL path [/v2/api-docs] onto method [springfox.documentation.swagger2.web.Swagger2Controller#getDocumentation(String, HttpServletRequest)]
2020-10-06 06:31:21.422  INFO 66058 --- [main] o.s.s.concurrent.ThreadPoolTaskExecutor  : Initializing ExecutorService 'applicationTaskExecutor'
2020-10-06 06:31:21.600  INFO 66058 --- [main] o.s.b.t.m.w.SpringBootMockServletContext : Initializing Spring TestDispatcherServlet ''
2020-10-06 06:31:21.601  INFO 66058 --- [main] o.s.t.web.servlet.TestDispatcherServlet  : Initializing Servlet ''
2020-10-06 06:31:21.617  INFO 66058 --- [main] o.s.t.web.servlet.TestDispatcherServlet  : Completed initialization in 16 ms
2020-10-06 06:31:21.646  INFO 66058 --- [main] d.s.w.p.DocumentationPluginsBootstrapper : Context refreshed
2020-10-06 06:31:21.673  INFO 66058 --- [main] d.s.w.p.DocumentationPluginsBootstrapper : Found 1 custom documentation plugin(s)
2020-10-06 06:31:21.711  INFO 66058 --- [main] s.d.s.w.s.ApiListingReferenceScanner     : Scanning for api listing references
2020-10-06 06:31:21.897  INFO 66058 --- [main] com.emp.EmployeeControllerMvcTest        : Started EmployeeControllerMvcTest in 3.138 seconds (JVM running for 4.208)
2020-10-06 06:31:22.041  INFO 66058 --- [SpringContextShutdownHook] o.s.s.concurrent.ThreadPoolTaskExecutor  : Shutting down ExecutorService 'applicationTaskExecutor'
2020-10-06 06:34:41.322  INFO 66070 --- [main] com.emp.EmployeeControllerMvcTest        : Starting EmployeeControllerMvcTest on ATMAC050 with PID 66070 (started by ganesh in /Users/ganesh/Documents/workspace-spring-tool-suite-4-4.6.2.RELEASE/EmployeeJPA)
2020-10-06 06:34:41.324  INFO 66070 --- [main] com.emp.EmployeeControllerMvcTest        : The following profiles are active: dev
2020-10-06 06:34:43.349  INFO 66070 --- [main] pertySourcedRequestMappingHandlerMapping : Mapped URL path [/v2/api-docs] onto method [springfox.documentation.swagger2.web.Swagger2Controller#getDocumentation(String, HttpServletRequest)]
2020-10-06 06:34:43.561  INFO 66070 --- [main] o.s.s.concurrent.ThreadPoolTaskExecutor  : Initializing ExecutorService 'applicationTaskExecutor'
2020-10-06 06:34:43.736  INFO 66070 --- [main] o.s.b.t.m.w.SpringBootMockServletContext : Initializing Spring TestDispatcherServlet ''
2020-10-06 06:34:43.736  INFO 66070 --- [main] o.s.t.web.servlet.TestDispatcherServlet  : Initializing Servlet ''
2020-10-06 06:34:43.747  INFO 66070 --- [main] o.s.t.web.servlet.TestDispatcherServlet  : Completed initialization in 11 ms
2020-10-06 06:34:43.782  INFO 66070 --- [main] d.s.w.p.DocumentationPluginsBootstrapper : Context refreshed
2020-10-06 06:34:43.808  INFO 66070 --- [main] d.s.w.p.DocumentationPluginsBootstrapper : Found 1 custom documentation plugin(s)
2020-10-06 06:34:43.837  INFO 66070 --- [main] s.d.s.w.s.ApiListingReferenceScanner     : Scanning for api listing references
2020-10-06 06:34:43.997  INFO 66070 --- [main] com.emp.EmployeeControllerMvcTest        : Started EmployeeControllerMvcTest in 3.138 seconds (JVM running for 4.244)
2020-10-06 06:34:44.141  INFO 66070 --- [SpringContextShutdownHook] o.s.s.concurrent.ThreadPoolTaskExecutor  : Shutting down ExecutorService 'applicationTaskExecutor'
2020-10-06 06:39:06.055  INFO 66075 --- [main] com.emp.EmployeeControllerMvcTest        : Starting EmployeeControllerMvcTest on ATMAC050 with PID 66075 (started by ganesh in /Users/ganesh/Documents/workspace-spring-tool-suite-4-4.6.2.RELEASE/EmployeeJPA)
2020-10-06 06:39:06.056  INFO 66075 --- [main] com.emp.EmployeeControllerMvcTest        : The following profiles are active: dev
2020-10-06 06:39:07.904  INFO 66075 --- [main] pertySourcedRequestMappingHandlerMapping : Mapped URL path [/v2/api-docs] onto method [springfox.documentation.swagger2.web.Swagger2Controller#getDocumentation(String, HttpServletRequest)]
2020-10-06 06:39:08.114  INFO 66075 --- [main] o.s.s.concurrent.ThreadPoolTaskExecutor  : Initializing ExecutorService 'applicationTaskExecutor'
2020-10-06 06:39:08.292  INFO 66075 --- [main] o.s.b.t.m.w.SpringBootMockServletContext : Initializing Spring TestDispatcherServlet ''
2020-10-06 06:39:08.293  INFO 66075 --- [main] o.s.t.web.servlet.TestDispatcherServlet  : Initializing Servlet ''
2020-10-06 06:39:08.307  INFO 66075 --- [main] o.s.t.web.servlet.TestDispatcherServlet  : Completed initialization in 14 ms
2020-10-06 06:39:08.340  INFO 66075 --- [main] d.s.w.p.DocumentationPluginsBootstrapper : Context refreshed
2020-10-06 06:39:08.371  INFO 66075 --- [main] d.s.w.p.DocumentationPluginsBootstrapper : Found 1 custom documentation plugin(s)
2020-10-06 06:39:08.406  INFO 66075 --- [main] s.d.s.w.s.ApiListingReferenceScanner     : Scanning for api listing references
2020-10-06 06:39:08.585  INFO 66075 --- [main] com.emp.EmployeeControllerMvcTest        : Started EmployeeControllerMvcTest in 3.047 seconds (JVM running for 4.115)
2020-10-06 06:39:08.769  INFO 66075 --- [SpringContextShutdownHook] o.s.s.concurrent.ThreadPoolTaskExecutor  : Shutting down ExecutorService 'applicationTaskExecutor'
2020-10-06 06:39:34.882  INFO 66077 --- [main] com.emp.EmployeeControllerMvcTest        : Starting EmployeeControllerMvcTest on ATMAC050 with PID 66077 (started by ganesh in /Users/ganesh/Documents/workspace-spring-tool-suite-4-4.6.2.RELEASE/EmployeeJPA)
2020-10-06 06:39:34.884  INFO 66077 --- [main] com.emp.EmployeeControllerMvcTest        : The following profiles are active: dev
2020-10-06 06:39:36.814  INFO 66077 --- [main] pertySourcedRequestMappingHandlerMapping : Mapped URL path [/v2/api-docs] onto method [springfox.documentation.swagger2.web.Swagger2Controller#getDocumentation(String, HttpServletRequest)]
2020-10-06 06:39:37.009  INFO 66077 --- [main] o.s.s.concurrent.ThreadPoolTaskExecutor  : Initializing ExecutorService 'applicationTaskExecutor'
2020-10-06 06:39:37.192  INFO 66077 --- [main] o.s.b.t.m.w.SpringBootMockServletContext : Initializing Spring TestDispatcherServlet ''
2020-10-06 06:39:37.192  INFO 66077 --- [main] o.s.t.web.servlet.TestDispatcherServlet  : Initializing Servlet ''
2020-10-06 06:39:37.210  INFO 66077 --- [main] o.s.t.web.servlet.TestDispatcherServlet  : Completed initialization in 16 ms
2020-10-06 06:39:37.237  INFO 66077 --- [main] d.s.w.p.DocumentationPluginsBootstrapper : Context refreshed
2020-10-06 06:39:37.265  INFO 66077 --- [main] d.s.w.p.DocumentationPluginsBootstrapper : Found 1 custom documentation plugin(s)
2020-10-06 06:39:37.299  INFO 66077 --- [main] s.d.s.w.s.ApiListingReferenceScanner     : Scanning for api listing references
2020-10-06 06:39:37.470  INFO 66077 --- [main] com.emp.EmployeeControllerMvcTest        : Started EmployeeControllerMvcTest in 3.081 seconds (JVM running for 4.203)
2020-10-06 06:39:37.652  INFO 66077 --- [SpringContextShutdownHook] o.s.s.concurrent.ThreadPoolTaskExecutor  : Shutting down ExecutorService 'applicationTaskExecutor'
2020-10-06 06:40:04.920  INFO 66081 --- [main] com.emp.EmployeeControllerMvcTest        : Starting EmployeeControllerMvcTest on ATMAC050 with PID 66081 (started by ganesh in /Users/ganesh/Documents/workspace-spring-tool-suite-4-4.6.2.RELEASE/EmployeeJPA)
2020-10-06 06:40:04.921  INFO 66081 --- [main] com.emp.EmployeeControllerMvcTest        : The following profiles are active: dev
2020-10-06 06:40:06.826  INFO 66081 --- [main] pertySourcedRequestMappingHandlerMapping : Mapped URL path [/v2/api-docs] onto method [springfox.documentation.swagger2.web.Swagger2Controller#getDocumentation(String, HttpServletRequest)]
2020-10-06 06:40:07.039  INFO 66081 --- [main] o.s.s.concurrent.ThreadPoolTaskExecutor  : Initializing ExecutorService 'applicationTaskExecutor'
2020-10-06 06:40:07.241  INFO 66081 --- [main] o.s.b.t.m.w.SpringBootMockServletContext : Initializing Spring TestDispatcherServlet ''
2020-10-06 06:40:07.242  INFO 66081 --- [main] o.s.t.web.servlet.TestDispatcherServlet  : Initializing Servlet ''
2020-10-06 06:40:07.256  INFO 66081 --- [main] o.s.t.web.servlet.TestDispatcherServlet  : Completed initialization in 14 ms
2020-10-06 06:40:07.285  INFO 66081 --- [main] d.s.w.p.DocumentationPluginsBootstrapper : Context refreshed
2020-10-06 06:40:07.318  INFO 66081 --- [main] d.s.w.p.DocumentationPluginsBootstrapper : Found 1 custom documentation plugin(s)
2020-10-06 06:40:07.350  INFO 66081 --- [main] s.d.s.w.s.ApiListingReferenceScanner     : Scanning for api listing references
2020-10-06 06:40:07.538  INFO 66081 --- [main] com.emp.EmployeeControllerMvcTest        : Started EmployeeControllerMvcTest in 3.103 seconds (JVM running for 4.152)
2020-10-06 06:40:07.730  INFO 66081 --- [SpringContextShutdownHook] o.s.s.concurrent.ThreadPoolTaskExecutor  : Shutting down ExecutorService 'applicationTaskExecutor'
2020-10-06 06:40:39.857  INFO 66082 --- [main] com.emp.EmployeeControllerMvcTest        : Starting EmployeeControllerMvcTest on ATMAC050 with PID 66082 (started by ganesh in /Users/ganesh/Documents/workspace-spring-tool-suite-4-4.6.2.RELEASE/EmployeeJPA)
2020-10-06 06:40:39.859  INFO 66082 --- [main] com.emp.EmployeeControllerMvcTest        : The following profiles are active: dev
2020-10-06 06:40:41.747  INFO 66082 --- [main] pertySourcedRequestMappingHandlerMapping : Mapped URL path [/v2/api-docs] onto method [springfox.documentation.swagger2.web.Swagger2Controller#getDocumentation(String, HttpServletRequest)]
2020-10-06 06:40:41.956  INFO 66082 --- [main] o.s.s.concurrent.ThreadPoolTaskExecutor  : Initializing ExecutorService 'applicationTaskExecutor'
2020-10-06 06:40:42.165  INFO 66082 --- [main] o.s.b.t.m.w.SpringBootMockServletContext : Initializing Spring TestDispatcherServlet ''
2020-10-06 06:40:42.166  INFO 66082 --- [main] o.s.t.web.servlet.TestDispatcherServlet  : Initializing Servlet ''
2020-10-06 06:40:42.178  INFO 66082 --- [main] o.s.t.web.servlet.TestDispatcherServlet  : Completed initialization in 11 ms
2020-10-06 06:40:42.207  INFO 66082 --- [main] d.s.w.p.DocumentationPluginsBootstrapper : Context refreshed
2020-10-06 06:40:42.238  INFO 66082 --- [main] d.s.w.p.DocumentationPluginsBootstrapper : Found 1 custom documentation plugin(s)
2020-10-06 06:40:42.270  INFO 66082 --- [main] s.d.s.w.s.ApiListingReferenceScanner     : Scanning for api listing references
2020-10-06 06:40:42.462  INFO 66082 --- [main] com.emp.EmployeeControllerMvcTest        : Started EmployeeControllerMvcTest in 3.055 seconds (JVM running for 3.988)
2020-10-06 06:40:42.656  INFO 66082 --- [SpringContextShutdownHook] o.s.s.concurrent.ThreadPoolTaskExecutor  : Shutting down ExecutorService 'applicationTaskExecutor'
